<?xml version="1.0" encoding="UTF-8"?>
<!-- Generated by org.testng.reporters.JUnitReportReporter -->
<testsuite hostname="NBK-171" failures="0" tests="2" name="TestClass" time="0.001" errors="0" timestamp="2023-10-06T19:17:05 EEST" skipped="0">
  <testcase classname="TestClass" name="firstTest" time="0.001"/>
  <system-out/>
  <testcase classname="TestClass" name="secondTest" time="0.000"/>
  <system-out/>
</testsuite> <!-- TestClass -->
